<?xml version="1.0" encoding="UTF-8"?>
<testsuite name="tests.RentTest" tests="1" skipped="0" failures="0" errors="0" timestamp="2021-10-26T15:52:37" hostname="DESKTOP-V8HD5F2" time="16.23">
  <properties/>
  <testcase name="rentWithLogin" classname="tests.RentTest" time="16.23"/>
  <system-out><![CDATA[18:52:35  INFO  tests.TestBase - =================================
18:52:35  INFO  tests.TestBase - Start on test - rentWithLogin
18:52:35  INFO  application.MyListener - Start find element by ---->By.cssSelector: div[class='header'] a:nth-child(6)
18:52:35  INFO  application.MyListener - The element --->By.cssSelector: div[class='header'] a:nth-child(6) was found
18:52:35  INFO  application.MyListener - Start find element by ---->By.cssSelector: [href^='/login']
18:52:35  INFO  application.MyListener - The element --->By.cssSelector: [href^='/login'] was found
18:52:35  INFO  application.MyListener - Start find element by ---->By.cssSelector: #email
18:52:35  INFO  application.MyListener - The element --->By.cssSelector: #email was found
18:52:36  INFO  application.MyListener - Start find element by ---->By.id: password
18:52:36  INFO  application.MyListener - The element --->By.id: password was found
18:52:36  INFO  application.MyListener - Start find element by ---->By.cssSelector: button[type='submit']
18:52:36  INFO  application.MyListener - The element --->By.cssSelector: button[type='submit'] was found
18:52:36  INFO  application.MyListener - Start find element by ---->By.xpath: //button[@type='button']
18:52:37  INFO  application.MyListener - The element --->By.xpath: //button[@type='button'] was found
18:52:37  INFO  application.MyListener - Start find element by ---->By.xpath: //button[@type='button']
18:52:37  INFO  application.MyListener - The element --->By.xpath: //button[@type='button'] was found
18:52:37  INFO  application.MyListener - Start find element by ---->By.id: city
18:52:37  INFO  application.MyListener - The element --->By.id: city was found
18:52:37  INFO  application.MyListener - Start find element by ---->By.cssSelector: .pac-item
18:52:38  INFO  application.MyListener - The element --->By.cssSelector: .pac-item was found
18:52:39  INFO  application.MyListener - Start find element by ---->By.id: dates
18:52:39  INFO  application.MyListener - The element --->By.id: dates was found
18:52:39  INFO  application.MyListener - Start find element by ---->By.id: dates
18:52:39  INFO  application.MyListener - The element --->By.id: dates was found
18:52:39  INFO  application.MyListener - Start find element by ---->By.xpath: //button[@aria-label='Next month']
18:52:39  INFO  application.MyListener - The element --->By.xpath: //button[@aria-label='Next month'] was found
18:52:39  INFO  application.MyListener - Start find element by ---->By.xpath: //button[@aria-label='Next month']
18:52:39  INFO  application.MyListener - The element --->By.xpath: //button[@aria-label='Next month'] was found
18:52:40  INFO  application.MyListener - Start find element by ---->By.xpath: //div[text()=' 1 ']
18:52:40  INFO  application.MyListener - The element --->By.xpath: //div[text()=' 1 '] was found
18:52:41  INFO  application.MyListener - Start find element by ---->By.xpath: //div[text()=' 5 ']
18:52:41  INFO  application.MyListener - The element --->By.xpath: //div[text()=' 5 '] was found
18:52:44  INFO  application.MyListener - Start find element by ---->By.cssSelector: button[type='submit']
18:52:44  INFO  application.MyListener - The element --->By.cssSelector: button[type='submit'] was found
18:52:46  INFO  application.MyListener - Start find element by ---->By.cssSelector: .search-results a:last-child
18:52:48  INFO  application.MyListener - The element --->By.cssSelector: .search-results a:last-child was found
18:52:51  INFO  application.MyListener - Start find element by ---->By.xpath: //button[normalize-space()='Rent now!!']
18:52:51  INFO  application.MyListener - The element --->By.xpath: //button[normalize-space()='Rent now!!'] was found
18:52:51  INFO  application.MyListener - Start find element by ---->By.xpath: //input[@id='phone']
18:52:52  INFO  application.MyListener - The element --->By.xpath: //input[@id='phone'] was found
18:52:52  INFO  application.MyListener - Start find element by ---->By.cssSelector: button[type='submit']
18:52:52  INFO  application.MyListener - The element --->By.cssSelector: button[type='submit'] was found
18:52:52  INFO  application.MyListener - Start find element by ---->By.xpath: //button[normalize-space()='Close']
18:52:52  INFO  application.MyListener - The element --->By.xpath: //button[normalize-space()='Close'] was found
18:52:52  INFO  application.MyListener - Start find element by ---->By.xpath: //a[@href='/']
18:52:52  INFO  application.MyListener - The element --->By.xpath: //a[@href='/'] was found
18:52:53  INFO  application.MyListener - Start find element by ---->By.xpath: //a[.=' Logout ']
18:52:53  INFO  application.MyListener - The element --->By.xpath: //a[.=' Logout '] was found
18:52:53  INFO  application.MyListener - Start find element by ---->By.xpath: //a[.=' Logout ']
18:52:53  INFO  application.MyListener - The element --->By.xpath: //a[.=' Logout '] was found
18:52:53  INFO  application.MyListener - Start find element by ---->By.xpath: //a[.=' Logout ']
18:53:08  INFO  application.MyListener - The element --->By.xpath: //a[.=' Logout '] was found
18:53:08  INFO  tests.TestBase - End of test - rentWithLogin
18:53:08  INFO  tests.TestBase - =================================
]]></system-out>
  <system-err><![CDATA[]]></system-err>
</testsuite>
