<?xml version="1.0" encoding="UTF-8"?>
<testsuite name="tests.LoginTest" tests="1" skipped="0" failures="0" errors="0" timestamp="2021-10-29T06:53:01" hostname="DESKTOP-V8HD5F2" time="1.75">
  <properties/>
  <testcase name="loginSuccess" classname="tests.LoginTest" time="1.75"/>
  <system-out><![CDATA[09:52:46  INFO  application.MyListener - Start find element by ---->By.xpath: //a[.=' Logout ']
09:53:01  INFO  application.MyListener - The element --->By.xpath: //a[.=' Logout '] was found
09:53:01  INFO  application.MyListener - Start find element by ---->By.cssSelector: [href^='/login']
09:53:01  INFO  application.MyListener - The element --->By.cssSelector: [href^='/login'] was found
09:53:01  INFO  application.MyListener - Start find element by ---->By.cssSelector: #email
09:53:01  INFO  application.MyListener - The element --->By.cssSelector: #email was found
09:53:01  INFO  application.MyListener - Start find element by ---->By.id: password
09:53:01  INFO  application.MyListener - The element --->By.id: password was found
09:53:01  INFO  application.MyListener - Start find element by ---->By.cssSelector: button[type='submit']
09:53:01  INFO  application.MyListener - The element --->By.cssSelector: button[type='submit'] was found
09:53:02  INFO  application.MyListener - Start find element by ---->By.xpath: //a[.=' Logout ']
09:53:02  INFO  application.MyListener - The element --->By.xpath: //a[.=' Logout '] was found
09:53:02  INFO  application.MyListener - Start find element by ---->By.xpath: //button[@type='button']
09:53:02  INFO  application.MyListener - The element --->By.xpath: //button[@type='button'] was found
09:53:02  INFO  application.MyListener - Start find element by ---->By.xpath: //button[@type='button']
09:53:02  INFO  application.MyListener - The element --->By.xpath: //button[@type='button'] was found
09:53:03  INFO  application.MyListener - Start find element by ---->By.xpath: //a[.=' Logout ']
09:53:03  INFO  application.MyListener - The element --->By.xpath: //a[.=' Logout '] was found
09:53:03  INFO  application.MyListener - Start find element by ---->By.xpath: //a[.=' Logout ']
09:53:03  INFO  application.MyListener - The element --->By.xpath: //a[.=' Logout '] was found
09:53:03  INFO  application.MyListener - Start find element by ---->By.xpath: //a[.=' Logout ']
09:53:03  INFO  application.MyListener - The element --->By.xpath: //a[.=' Logout '] was found
]]></system-out>
  <system-err><![CDATA[]]></system-err>
</testsuite>
