<?xml version="1.0" encoding="UTF-8"?>
<testsuite name="tests.RegistrationTest" tests="1" skipped="0" failures="0" errors="0" timestamp="2021-10-29T06:53:18" hostname="DESKTOP-V8HD5F2" time="3.786">
  <properties/>
  <testcase name="RegistrationPositiveTest" classname="tests.RegistrationTest" time="3.786"/>
  <system-out><![CDATA[09:53:03  INFO  application.MyListener - Start find element by ---->By.xpath: //a[.=' Logout ']
09:53:18  INFO  application.MyListener - The element --->By.xpath: //a[.=' Logout '] was found
09:53:18  INFO  application.MyListener - Start find element by ---->By.cssSelector: [href^='/regist']
09:53:18  INFO  application.MyListener - The element --->By.cssSelector: [href^='/regist'] was found
09:53:18  INFO  application.MyListener - Start find element by ---->By.id: name
09:53:18  INFO  application.MyListener - The element --->By.id: name was found
09:53:19  INFO  application.MyListener - Start find element by ---->By.id: lastName
09:53:19  INFO  application.MyListener - The element --->By.id: lastName was found
09:53:19  INFO  application.MyListener - Start find element by ---->By.cssSelector: #email
09:53:19  INFO  application.MyListener - The element --->By.cssSelector: #email was found
09:53:19  INFO  application.MyListener - Start find element by ---->By.id: password
09:53:19  INFO  application.MyListener - The element --->By.id: password was found
09:53:22  INFO  application.MyListener - Start find element by ---->By.cssSelector: label[for='terms-of-use']
09:53:22  INFO  application.MyListener - The element --->By.cssSelector: label[for='terms-of-use'] was found
09:53:22  INFO  application.MyListener - Start find element by ---->By.cssSelector: button[type='submit']
09:53:22  INFO  application.MyListener - The element --->By.cssSelector: button[type='submit'] was found
09:53:22  INFO  application.MyListener - Start find element by ---->By.xpath: //button[@type='button']
09:53:22  INFO  application.MyListener - The element --->By.xpath: //button[@type='button'] was found
09:53:22  INFO  application.MyListener - Start find element by ---->By.xpath: //button[@type='button']
09:53:22  INFO  application.MyListener - The element --->By.xpath: //button[@type='button'] was found
09:53:23  INFO  application.MyListener - Start find element by ---->By.xpath: //a[.=' Logout ']
09:53:23  INFO  application.MyListener - The element --->By.xpath: //a[.=' Logout '] was found
09:53:23  INFO  application.MyListener - Start find element by ---->By.xpath: //a[.='Delete account']
09:53:23  INFO  application.MyListener - The element --->By.xpath: //a[.='Delete account'] was found
09:53:23  INFO  application.MyListener - Start find element by ---->By.xpath: //button[.='Delete']
09:53:23  INFO  application.MyListener - The element --->By.xpath: //button[.='Delete'] was found
09:53:23  INFO  application.MyListener - Start find element by ---->By.xpath: //div[@class='header']//img[@alt='logo']
09:53:23  INFO  application.MyListener - The element --->By.xpath: //div[@class='header']//img[@alt='logo'] was found
]]></system-out>
  <system-err><![CDATA[]]></system-err>
</testsuite>
