<?xml version="1.0" encoding="UTF-8"?>
<testsuite name="tests.AddNewCarTest" tests="1" skipped="0" failures="0" errors="0" timestamp="2021-10-29T06:53:24" hostname="DESKTOP-V8HD5F2" time="8.878">
  <properties/>
  <testcase name="addNewCarSuccess" classname="tests.AddNewCarTest" time="8.878"/>
  <system-out><![CDATA[09:53:24  INFO  application.MyListener - Start find element by ---->By.xpath: //a[.=' Logout ']
09:53:24  INFO  application.MyListener - The element --->By.xpath: //a[.=' Logout '] was found
09:53:24  INFO  application.MyListener - Start find element by ---->By.xpath: //a[@id='1']
09:53:24  INFO  application.MyListener - The element --->By.xpath: //a[@id='1'] was found
09:53:25  INFO  application.MyListener - Start find element by ---->By.xpath: //input[@id='pickUpPlace']
09:53:25  INFO  application.MyListener - The element --->By.xpath: //input[@id='pickUpPlace'] was found
09:53:26  INFO  application.MyListener - Start find element by ---->By.cssSelector: div.pac-item
09:53:26  INFO  application.MyListener - The element --->By.cssSelector: div.pac-item was found
09:53:27  INFO  application.MyListener - Start find element by ---->By.id: make
09:53:27  INFO  application.MyListener - The element --->By.id: make was found
09:53:27  INFO  application.MyListener - Start find element by ---->By.id: model
09:53:27  INFO  application.MyListener - The element --->By.id: model was found
09:53:28  INFO  application.MyListener - Start find element by ---->By.id: year
09:53:28  INFO  application.MyListener - The element --->By.id: year was found
09:53:28  INFO  application.MyListener - Start find element by ---->By.id: engine
09:53:28  INFO  application.MyListener - The element --->By.id: engine was found
09:53:28  INFO  application.MyListener - Start find element by ---->By.id: fuel
09:53:28  INFO  application.MyListener - The element --->By.id: fuel was found
09:53:28  INFO  application.MyListener - Start find element by ---->By.xpath: .//option[@value = "Petrol"]
09:53:28  INFO  application.MyListener - The element --->By.xpath: .//option[@value = "Petrol"] was found
09:53:28  INFO  application.MyListener - Start find element by ---->By.id: gear
09:53:28  INFO  application.MyListener - The element --->By.id: gear was found
09:53:28  INFO  application.MyListener - Start find element by ---->By.xpath: .//option[@value = "MT"]
09:53:28  INFO  application.MyListener - The element --->By.xpath: .//option[@value = "MT"] was found
09:53:28  INFO  application.MyListener - Start find element by ---->By.id: wheelsDrive
09:53:28  INFO  application.MyListener - The element --->By.id: wheelsDrive was found
09:53:28  INFO  application.MyListener - Start find element by ---->By.xpath: .//option[@value = "AWD"]
09:53:29  INFO  application.MyListener - The element --->By.xpath: .//option[@value = "AWD"] was found
09:53:29  INFO  application.MyListener - Start find element by ---->By.id: doors
09:53:29  INFO  application.MyListener - The element --->By.id: doors was found
09:53:29  INFO  application.MyListener - Start find element by ---->By.id: seats
09:53:29  INFO  application.MyListener - The element --->By.id: seats was found
09:53:29  INFO  application.MyListener - Start find element by ---->By.id: class
09:53:29  INFO  application.MyListener - The element --->By.id: class was found
09:53:29  INFO  application.MyListener - Start find element by ---->By.id: fuelConsumption
09:53:29  INFO  application.MyListener - The element --->By.id: fuelConsumption was found
09:53:30  INFO  application.MyListener - Start find element by ---->By.id: serialNumber
09:53:30  INFO  application.MyListener - The element --->By.id: serialNumber was found
09:53:30  INFO  application.MyListener - Start find element by ---->By.id: price
09:53:30  INFO  application.MyListener - The element --->By.id: price was found
09:53:30  INFO  application.MyListener - Start find element by ---->By.id: distance
09:53:31  INFO  application.MyListener - The element --->By.id: distance was found
09:53:31  INFO  application.MyListener - Start find element by ---->By.cssSelector: input[placeholder='Type feature']
09:53:31  INFO  application.MyListener - The element --->By.cssSelector: input[placeholder='Type feature'] was found
09:53:31  INFO  application.MyListener - Start find element by ---->By.id: about
09:53:31  INFO  application.MyListener - The element --->By.id: about was found
09:53:31  INFO  application.MyListener - Start find element by ---->By.id: photos
09:53:31  INFO  application.MyListener - The element --->By.id: photos was found
09:53:31  INFO  application.MyListener - Start find element by ---->By.xpath: //button[.='Submit']
09:53:31  INFO  application.MyListener - The element --->By.xpath: //button[.='Submit'] was found
09:53:33  INFO  application.MyListener - Start find element by ---->By.xpath: //button[.='Submit']
09:53:33  INFO  application.MyListener - The element --->By.xpath: //button[.='Submit'] was found
09:53:33  INFO  application.MyListener - Start find element by ---->By.xpath: //a[.=' Logout ']
09:53:33  INFO  application.MyListener - The element --->By.xpath: //a[.=' Logout '] was found
09:53:33  INFO  application.MyListener - Start find element by ---->By.xpath: //div[@class='header']//img[@alt='logo']
09:53:33  INFO  application.MyListener - The element --->By.xpath: //div[@class='header']//img[@alt='logo'] was found
]]></system-out>
  <system-err><![CDATA[]]></system-err>
</testsuite>
